2024-10-21 23:47:04,991 - INFO - Ошибка ввода: invalid literal for int() with base 10: 'пп'
2024-10-21 23:48:20,221 - INFO - Сгенерировано случайное число: 5
2024-10-21 23:48:27,667 - INFO - Попытка пользователя: 4
2024-10-21 23:48:27,667 - INFO - Ответ программы: Загаданное число больше.
2024-10-21 23:48:34,012 - INFO - Попытка пользователя: 5
2024-10-21 23:48:34,012 - INFO - Поздравление: Пользователь угадал число.
2024-10-21 23:49:16,963 - INFO - Сгенерировано случайное число: 3
2024-10-21 23:49:18,728 - INFO - Попытка пользователя: 5
2024-10-21 23:49:18,728 - INFO - Ответ программы: Загаданное число меньше.
2024-10-21 23:49:20,626 - INFO - Попытка пользователя: 3
2024-10-21 23:49:20,626 - INFO - Поздравление: Пользователь угадал число.
2024-10-21 23:49:56,093 - INFO - Сгенерировано случайное число: 18
2024-10-21 23:49:57,492 - INFO - Попытка пользователя: 10
2024-10-21 23:49:57,492 - INFO - Ответ программы: Загаданное число больше.
2024-10-21 23:49:59,919 - INFO - Попытка пользователя: 15
2024-10-21 23:49:59,920 - INFO - Ответ программы: Загаданное число больше.
2024-10-21 23:50:03,583 - INFO - Попытка пользователя: 17
2024-10-21 23:50:03,583 - INFO - Ответ программы: Загаданное число больше.
2024-10-21 23:50:05,776 - INFO - Попытка пользователя: 19
2024-10-21 23:50:05,776 - INFO - Ответ программы: Загаданное число меньше.
2024-10-21 23:50:09,265 - INFO - Попытка пользователя: 18
2024-10-21 23:50:09,265 - INFO - Поздравление: Пользователь угадал число.
2024-10-21 23:50:43,573 - INFO - Ошибка ввода: invalid literal for int() with base 10: 'буквы'
2024-10-21 23:50:54,646 - INFO - Ошибка ввода: invalid literal for int() with base 10: 'привет'
2024-10-21 23:50:58,475 - INFO - Сгенерировано случайное число: 3
2024-10-21 23:51:01,129 - INFO - Попытка пользователя: 4
2024-10-21 23:51:01,129 - INFO - Ответ программы: Загаданное число меньше.
2024-10-21 23:51:03,870 - INFO - Попытка пользователя: 3
2024-10-21 23:51:03,870 - INFO - Поздравление: Пользователь угадал число.
